<?xml version="1.0" encoding="UTF-8"?>
<testng-results skipped="0" failed="0" total="1" passed="1">
  <reporter-output>
  </reporter-output>
  <suite name="Suite" duration-ms="65" started-at="2020-07-26T04:32:46Z" finished-at="2020-07-26T04:32:46Z">
    <groups>
    </groups>
    <test name="Test" duration-ms="65" started-at="2020-07-26T04:32:46Z" finished-at="2020-07-26T04:32:46Z">
      <class name="Pack1.Sample1">
        <test-method status="PASS" signature="m()[pri:0, instance:Pack1.Sample1@256216b3]" name="m" duration-ms="21" started-at="2020-07-26T10:02:46Z" finished-at="2020-07-26T10:02:46Z">
          <reporter-output>
          </reporter-output>
        </test-method> <!-- m -->
      </class> <!-- Pack1.Sample1 -->
    </test> <!-- Test -->
  </suite> <!-- Suite -->
</testng-results>
